<?xml version="1.0" encoding="UTF-8"?>
<!-- Generated by org.testng.reporters.JUnitXMLReporter -->
<testsuite ignored="1" hostname="Snala" failures="0" tests="1" name="Test" time="38.06" errors="0" timestamp="2024-11-22T11:50:18 IST">
  <testcase classname="com.mystore.testcases.TC_MyAccountPageTest" name="verifyLogin" time="12.263"/>
  <testcase classname="com.mystore.testcases.TC_MyAccountPageTest" name="verifyRegistrationAndLogin" time="0.0">
    <ignored/>
  </testcase> <!-- verifyRegistrationAndLogin -->
</testsuite> <!-- Test -->
