<?xml version="1.0" encoding="UTF-8"?>
<testng-results ignored="0" total="1" passed="1" failed="0" skipped="0">
  <reporter-output>
  </reporter-output>
  <suite started-at="2024-11-25T13:46:57 IST" name="Suite" finished-at="2024-11-25T13:48:12 IST" duration-ms="75603">
    <groups>
    </groups>
    <test started-at="2024-11-25T13:46:57 IST" name="Test" finished-at="2024-11-25T13:48:12 IST" duration-ms="75603">
      <class name="com.mystore.testcases.TC_MyAccountPageTest">
        <test-method is-config="true" signature="setup()[pri:0, instance:com.mystore.testcases.TC_MyAccountPageTest@9597028]" started-at="2024-11-25T13:47:03 IST" name="setup" finished-at="2024-11-25T13:47:50 IST" duration-ms="46196" status="PASS">
          <reporter-output>
          </reporter-output>
        </test-method> <!-- setup -->
        <test-method signature="verifyLogin()[pri:0, instance:com.mystore.testcases.TC_MyAccountPageTest@9597028]" started-at="2024-11-25T13:47:50 IST" name="verifyLogin" finished-at="2024-11-25T13:48:11 IST" duration-ms="21341" status="PASS">
          <reporter-output>
          </reporter-output>
        </test-method> <!-- verifyLogin -->
        <test-method is-config="true" signature="tearDown()[pri:0, instance:com.mystore.testcases.TC_MyAccountPageTest@9597028]" started-at="2024-11-25T13:48:11 IST" name="tearDown" finished-at="2024-11-25T13:48:12 IST" duration-ms="1044" status="PASS">
          <reporter-output>
          </reporter-output>
        </test-method> <!-- tearDown -->
      </class> <!-- com.mystore.testcases.TC_MyAccountPageTest -->
    </test> <!-- Test -->
  </suite> <!-- Suite -->
</testng-results>
