<?xml version="1.0" encoding="UTF-8"?>
<testng-results ignored="0" total="1" passed="1" failed="0" skipped="0">
  <reporter-output>
  </reporter-output>
  <suite started-at="2024-11-22T11:49:39 IST" name="Suite" finished-at="2024-11-22T11:50:17 IST" duration-ms="38060">
    <groups>
    </groups>
    <test started-at="2024-11-22T11:49:39 IST" name="Test" finished-at="2024-11-22T11:50:17 IST" duration-ms="38060">
      <class name="com.mystore.testcases.TC_MyAccountPageTest">
        <test-method is-config="true" signature="setup()[pri:0, instance:com.mystore.testcases.TC_MyAccountPageTest@367ffa75]" started-at="2024-11-22T11:49:40 IST" name="setup" finished-at="2024-11-22T11:50:04 IST" duration-ms="24396" status="PASS">
          <reporter-output>
          </reporter-output>
        </test-method> <!-- setup -->
        <test-method signature="verifyLogin()[pri:0, instance:com.mystore.testcases.TC_MyAccountPageTest@367ffa75]" started-at="2024-11-22T11:50:04 IST" name="verifyLogin" finished-at="2024-11-22T11:50:16 IST" duration-ms="12263" status="PASS">
          <reporter-output>
          </reporter-output>
        </test-method> <!-- verifyLogin -->
        <test-method is-config="true" signature="tearDown()[pri:0, instance:com.mystore.testcases.TC_MyAccountPageTest@367ffa75]" started-at="2024-11-22T11:50:16 IST" name="tearDown" finished-at="2024-11-22T11:50:17 IST" duration-ms="595" status="PASS">
          <reporter-output>
          </reporter-output>
        </test-method> <!-- tearDown -->
      </class> <!-- com.mystore.testcases.TC_MyAccountPageTest -->
    </test> <!-- Test -->
  </suite> <!-- Suite -->
</testng-results>
